Determining if the pthread_create exist failed with the following output:
Change Dir: /home/nvidia/AGV-Auto/build/CMakeFiles/CMakeTmp

Run Build Command:"/usr/bin/make" "cmTC_e04ba/fast"
/usr/bin/make -f CMakeFiles/cmTC_e04ba.dir/build.make CMakeFiles/cmTC_e04ba.dir/build
make[1]: Entering directory '/home/nvidia/AGV-Auto/build/CMakeFiles/CMakeTmp'
Building C object CMakeFiles/cmTC_e04ba.dir/CheckSymbolExists.c.o
/usr/bin/cc    -o CMakeFiles/cmTC_e04ba.dir/CheckSymbolExists.c.o   -c /home/nvidia/AGV-Auto/build/CMakeFiles/CMakeTmp/CheckSymbolExists.c
Linking C executable cmTC_e04ba
/usr/bin/cmake -E cmake_link_script CMakeFiles/cmTC_e04ba.dir/link.txt --verbose=1
/usr/bin/cc      -rdynamic CMakeFiles/cmTC_e04ba.dir/CheckSymbolExists.c.o  -o cmTC_e04ba 
CMakeFiles/cmTC_e04ba.dir/CheckSymbolExists.c.o: In function `main':
CheckSymbolExists.c:(.text+0x14): undefined reference to `pthread_create'
CheckSymbolExists.c:(.text+0x18): undefined reference to `pthread_create'
collect2: error: ld returned 1 exit status
CMakeFiles/cmTC_e04ba.dir/build.make:97: recipe for target 'cmTC_e04ba' failed
make[1]: *** [cmTC_e04ba] Error 1
make[1]: Leaving directory '/home/nvidia/AGV-Auto/build/CMakeFiles/CMakeTmp'
Makefile:126: recipe for target 'cmTC_e04ba/fast' failed
make: *** [cmTC_e04ba/fast] Error 2

File /home/nvidia/AGV-Auto/build/CMakeFiles/CMakeTmp/CheckSymbolExists.c:
/* */
#include <pthread.h>

int main(int argc, char** argv)
{
  (void)argv;
#ifndef pthread_create
  return ((int*)(&pthread_create))[argc];
#else
  (void)argc;
  return 0;
#endif
}

Determining if the function pthread_create exists in the pthreads failed with the following output:
Change Dir: /home/nvidia/AGV-Auto/build/CMakeFiles/CMakeTmp

Run Build Command:"/usr/bin/make" "cmTC_0ad81/fast"
/usr/bin/make -f CMakeFiles/cmTC_0ad81.dir/build.make CMakeFiles/cmTC_0ad81.dir/build
make[1]: Entering directory '/home/nvidia/AGV-Auto/build/CMakeFiles/CMakeTmp'
Building C object CMakeFiles/cmTC_0ad81.dir/CheckFunctionExists.c.o
/usr/bin/cc   -DCHECK_FUNCTION_EXISTS=pthread_create   -o CMakeFiles/cmTC_0ad81.dir/CheckFunctionExists.c.o   -c /usr/share/cmake-3.10/Modules/CheckFunctionExists.c
Linking C executable cmTC_0ad81
/usr/bin/cmake -E cmake_link_script CMakeFiles/cmTC_0ad81.dir/link.txt --verbose=1
/usr/bin/cc  -DCHECK_FUNCTION_EXISTS=pthread_create    -rdynamic CMakeFiles/cmTC_0ad81.dir/CheckFunctionExists.c.o  -o cmTC_0ad81 -lpthreads 
/usr/bin/ld: cannot find -lpthreads
collect2: error: ld returned 1 exit status
CMakeFiles/cmTC_0ad81.dir/build.make:97: recipe for target 'cmTC_0ad81' failed
make[1]: *** [cmTC_0ad81] Error 1
make[1]: Leaving directory '/home/nvidia/AGV-Auto/build/CMakeFiles/CMakeTmp'
Makefile:126: recipe for target 'cmTC_0ad81/fast' failed
make: *** [cmTC_0ad81/fast] Error 2


